\BOOKMARK [1][-]{section.1}{\376\377\000I\000n\000t\000r\000o\000d\000u\000c\000t\000i\000o\000n}{}% 1
\BOOKMARK [1][-]{section.2}{\376\377\000F\000r\000a\000c\000t\000i\000o\000n\000a\000l\000\040\000I\000n\000t\000e\000g\000r\000a\000l}{}% 2
\BOOKMARK [2][-]{subsection.2.1}{\376\377\000C\000a\000u\000c\000h\000y\000'\000s\000\040\000R\000e\000p\000e\000a\000t\000e\000d\000\040\000I\000n\000t\000e\000g\000r\000a\000t\000i\000o\000n\000\040\000F\000o\000r\000m\000u\000l\000a}{section.2}% 3
\BOOKMARK [2][-]{subsection.2.2}{\376\377\000R\000i\000e\000m\000a\000n\000n\000-\000L\000i\000o\000u\000v\000i\000l\000l\000e\000\040\000I\000n\000t\000e\000g\000r\000a\000l}{section.2}% 4
\BOOKMARK [2][-]{subsection.2.3}{\376\377\000P\000r\000o\000p\000e\000r\000t\000i\000e\000s\000\040\000O\000f\000\040\000R\000L\000\040\000I\000n\000t\000e\000g\000r\000a\000l}{section.2}% 5
\BOOKMARK [1][-]{section.3}{\376\377\000F\000r\000a\000c\000t\000i\000o\000n\000a\000l\000\040\000D\000i\000f\000f\000e\000r\000e\000n\000t\000i\000a\000t\000i\000o\000n}{}% 6
\BOOKMARK [2][-]{subsection.3.1}{\376\377\000R\000i\000e\000m\000a\000n\000n\000-\000L\000i\000o\000u\000v\000i\000l\000l\000e\000\040\000F\000r\000a\000c\000t\000i\000o\000n\000a\000l\000\040\000D\000e\000r\000i\000v\000a\000t\000i\000v\000e}{section.3}% 7
\BOOKMARK [2][-]{subsection.3.2}{\376\377\000C\000a\000p\000u\000t\000o\000\040\000F\000r\000a\000c\000t\000i\000o\000n\000a\000l\000\040\000D\000e\000r\000i\000v\000a\000t\000i\000v\000e}{section.3}% 8
\BOOKMARK [2][-]{subsection.3.3}{\376\377\000T\000h\000e\000\040\000D\000i\000f\000f\000e\000r\000e\000n\000c\000e\000s\000\040\000A\000n\000d\000\040\000P\000r\000o\000p\000e\000r\000t\000i\000e\000s\000\040\000O\000f\000\040\000R\000i\000e\000m\000a\000n\000n\000-\000L\000i\000o\000u\000v\000i\000l\000l\000e\000\040\000A\000n\000d\000\040\000C\000a\000p\000u\000t\000o\000\040\000D\000e\000r\000i\000v\000a\000t\000i\000v\000e}{section.3}% 9
\BOOKMARK [2][-]{subsection.3.4}{\376\377\000T\000h\000e\000\040\000M\000o\000t\000i\000v\000a\000t\000i\000o\000n\000\040\000F\000o\000r\000\040\000C\000a\000p\000u\000t\000o\000\040\000D\000e\000r\000i\000v\000a\000t\000i\000v\000e}{section.3}% 10
\BOOKMARK [1][-]{section.4}{\376\377\000I\000n\000t\000e\000g\000r\000a\000l\000\040\000T\000r\000a\000n\000s\000f\000o\000r\000m\000a\000t\000i\000o\000n\000s}{}% 11
\BOOKMARK [2][-]{subsection.4.1}{\376\377\000L\000a\000p\000l\000a\000c\000e\000\040\000T\000r\000a\000n\000s\000f\000o\000r\000m}{section.4}% 12
\BOOKMARK [3][-]{subsubsection.4.1.1}{\376\377\000L\000a\000p\000l\000a\000c\000e\000\040\000T\000r\000a\000n\000s\000f\000o\000r\000m\000\040\000O\000f\000\040\000R\000i\000e\000m\000a\000n\000n\000-\000L\000i\000o\000u\000v\000i\000l\000l\000e\000\040\000F\000r\000a\000c\000t\000i\000o\000n\000a\000l\000\040\000I\000n\000t\000e\000g\000r\000a\000l}{subsection.4.1}% 13
\BOOKMARK [3][-]{subsubsection.4.1.2}{\376\377\000L\000a\000p\000l\000a\000c\000e\000\040\000T\000r\000a\000n\000s\000f\000o\000r\000m\000\040\000O\000f\000\040\000R\000i\000e\000m\000a\000n\000n\000-\000L\000i\000o\000u\000v\000i\000l\000l\000e\000\040\000F\000r\000a\000c\000t\000i\000o\000n\000a\000l\000\040\000D\000e\000r\000i\000v\000a\000t\000i\000v\000e}{subsection.4.1}% 14
\BOOKMARK [3][-]{subsubsection.4.1.3}{\376\377\000L\000a\000p\000l\000a\000c\000e\000\040\000T\000r\000a\000n\000s\000f\000o\000r\000m\000\040\000O\000f\000\040\000C\000a\000p\000u\000t\000o\000\040\000D\000e\000r\000i\000v\000a\000t\000i\000v\000e}{subsection.4.1}% 15
\BOOKMARK [2][-]{subsection.4.2}{\376\377\000F\000o\000u\000r\000i\000e\000r\000\040\000T\000r\000a\000n\000s\000f\000o\000r\000m}{section.4}% 16
\BOOKMARK [3][-]{subsubsection.4.2.1}{\376\377\000F\000o\000u\000r\000i\000e\000r\000\040\000T\000r\000a\000n\000s\000f\000o\000r\000m\000\040\000O\000f\000\040\000R\000i\000e\000m\000a\000n\000n\000-\000L\000i\000o\000u\000v\000i\000l\000l\000e\000\040\000I\000n\000t\000e\000g\000r\000a\000l}{subsection.4.2}% 17
\BOOKMARK [3][-]{subsubsection.4.2.2}{\376\377\000F\000o\000u\000r\000i\000e\000r\000\040\000T\000r\000a\000n\000s\000f\000o\000r\000m\000\040\000O\000f\000\040\000R\000i\000e\000m\000a\000n\000n\000-\000L\000i\000o\000u\000v\000i\000l\000l\000e\000\040\000D\000e\000r\000i\000v\000a\000t\000i\000v\000e}{subsection.4.2}% 18
\BOOKMARK [3][-]{subsubsection.4.2.3}{\376\377\000F\000o\000u\000r\000i\000e\000r\000\040\000T\000r\000a\000n\000s\000f\000o\000r\000m\000\040\000O\000f\000\040\000C\000a\000p\000u\000t\000o\000\040\000D\000e\000r\000i\000v\000a\000t\000i\000v\000e}{subsection.4.2}% 19
\BOOKMARK [2][-]{subsection.4.3}{\376\377\000M\000e\000l\000l\000i\000n\000\040\000T\000r\000a\000n\000s\000f\000o\000r\000m\000s}{section.4}% 20
\BOOKMARK [3][-]{subsubsection.4.3.1}{\376\377\000M\000e\000l\000l\000i\000n\000\040\000T\000r\000a\000n\000s\000f\000o\000r\000m\000s\000\040\000O\000f\000\040\000R\000i\000e\000m\000a\000n\000n\000-\000L\000i\000o\000u\000v\000i\000l\000l\000e\000\040\000I\000n\000t\000e\000g\000r\000a\000l}{subsection.4.3}% 21
\BOOKMARK [3][-]{subsubsection.4.3.2}{\376\377\000M\000e\000l\000l\000i\000n\000\040\000T\000r\000a\000n\000s\000f\000o\000r\000m\000s\000\040\000O\000f\000\040\000R\000i\000e\000m\000a\000n\000n\000-\000L\000i\000o\000u\000v\000i\000l\000l\000e\000\040\000D\000e\000r\000i\000v\000a\000t\000i\000v\000e}{subsection.4.3}% 22
\BOOKMARK [3][-]{subsubsection.4.3.3}{\376\377\000M\000e\000l\000l\000i\000n\000\040\000T\000r\000a\000n\000s\000f\000o\000r\000m\000s\000\040\000O\000f\000\040\000C\000a\000p\000u\000t\000o\000\040\000D\000e\000r\000i\000v\000a\000t\000i\000v\000e}{subsection.4.3}% 23
\BOOKMARK [1][-]{section.5}{\376\377\000O\000t\000h\000e\000r\000\040\000F\000r\000a\000c\000t\000i\000o\000n\000a\000l\000\040\000I\000n\000t\000e\000g\000r\000a\000l\000\040\000A\000n\000d\000\040\000D\000e\000r\000i\000v\000a\000t\000i\000v\000e\000\040\000D\000e\000f\000i\000n\000i\000t\000i\000o\000n\000s}{}% 24
\BOOKMARK [2][-]{subsection.5.1}{\376\377\000R\000i\000e\000m\000a\000n\000n\000\040\000L\000i\000o\000u\000v\000i\000l\000l\000e\000\040\000I\000n\000t\000e\000g\000r\000a\000l\000\040\000D\000e\000f\000i\000n\000i\000t\000i\000o\000n\000s}{section.5}% 25
\BOOKMARK [2][-]{subsection.5.2}{\376\377\000R\000i\000e\000m\000a\000n\000n\000\040\000L\000i\000o\000u\000v\000i\000l\000l\000e\000\040\000D\000e\000r\000i\000v\000a\000t\000i\000v\000e\000\040\000D\000e\000f\000i\000n\000i\000t\000i\000o\000n\000s}{section.5}% 26
\BOOKMARK [2][-]{subsection.5.3}{\376\377\000D\000i\000f\000f\000e\000r\000-\000I\000n\000t\000e\000g\000r\000a\000l\000\040\000O\000p\000e\000r\000a\000t\000o\000r}{section.5}% 27
\BOOKMARK [2][-]{subsection.5.4}{\376\377\000F\000r\000a\000c\000t\000i\000o\000n\000a\000l\000\040\000D\000e\000r\000i\000v\000a\000t\000i\000v\000e\000\040\000A\000c\000c\000o\000r\000d\000i\000n\000g\000\040\000T\000o\000\040\000F\000o\000u\000r\000i\000e\000r}{section.5}% 28
\BOOKMARK [2][-]{subsection.5.5}{\376\377\000T\000h\000e\000\040\000G\000r\000\374\000n\000w\000a\000l\000d\000-\000L\000e\000t\000n\000i\000k\000o\000v\000\040\000F\000r\000a\000c\000t\000i\000o\000n\000a\000l\000\040\000D\000e\000r\000i\000v\000a\000t\000i\000v\000e}{section.5}% 29
\BOOKMARK [2][-]{subsection.5.6}{\376\377\000T\000h\000e\000\040\000C\000a\000n\000a\000v\000a\000t\000i\000\040\000F\000r\000a\000c\000t\000i\000o\000n\000a\000l\000\040\000D\000e\000r\000i\000v\000a\000t\000i\000v\000e}{section.5}% 30
\BOOKMARK [2][-]{subsection.5.7}{\376\377\000T\000h\000e\000\040\000M\000a\000r\000c\000h\000a\000u\000d\000\040\000F\000r\000a\000c\000t\000i\000o\000n\000a\000l\000\040\000D\000e\000r\000i\000v\000a\000t\000i\000v\000e}{section.5}% 31
\BOOKMARK [2][-]{subsection.5.8}{\376\377\000T\000h\000e\000\040\000R\000i\000e\000s\000z\000\040\000F\000r\000a\000c\000t\000i\000o\000n\000a\000l\000\040\000I\000n\000t\000e\000g\000r\000a\000l\000\040\000A\000n\000d\000\040\000D\000e\000r\000i\000v\000a\000t\000i\000v\000e}{section.5}% 32
\BOOKMARK [2][-]{subsection.5.9}{\376\377\000T\000h\000e\000\040\000F\000e\000l\000l\000e\000r\000\040\000F\000r\000a\000c\000t\000i\000o\000n\000a\000l\000\040\000I\000n\000t\000e\000g\000r\000a\000l\000\040\000A\000n\000d\000\040\000D\000e\000r\000i\000v\000a\000t\000i\000v\000e}{section.5}% 33
\BOOKMARK [2][-]{subsection.5.10}{\376\377\000H\000a\000d\000a\000m\000a\000r\000d\000\040\000F\000r\000a\000c\000t\000i\000o\000n\000a\000l\000\040\000I\000n\000t\000e\000g\000r\000a\000l\000\040\000A\000n\000d\000\040\000D\000e\000r\000i\000v\000a\000t\000i\000v\000e}{section.5}% 34
\BOOKMARK [2][-]{subsection.5.11}{\376\377\000G\000e\000n\000e\000r\000a\000l\000i\000z\000e\000d\000\040\000F\000r\000a\000c\000t\000i\000o\000n\000a\000l\000\040\000I\000n\000t\000e\000g\000r\000a\000t\000i\000o\000n\000\040\000A\000n\000d\000\040\000D\000i\000f\000f\000e\000r\000e\000n\000t\000i\000a\000t\000i\000o\000n}{section.5}% 35
\BOOKMARK [2][-]{subsection.5.12}{\376\377\000K\000o\000l\000w\000a\000n\000k\000a\000r\000\040\000A\000n\000d\000\040\000G\000a\000n\000g\000a\000l\000\040\000\050\0001\0009\0009\0004\000\051}{section.5}% 36
\BOOKMARK [2][-]{subsection.5.13}{\376\377\000T\000h\000e\000\040\000G\000o\000h\000a\000r\000\040\000F\000r\000a\000c\000t\000i\000o\000n\000a\000l\000\040\000I\000n\000t\000e\000g\000r\000a\000l\000\040\000A\000n\000d\000\040\000D\000e\000r\000i\000v\000a\000t\000i\000v\000e}{section.5}% 37
\BOOKMARK [1][-]{section.6}{\376\377\000F\000r\000a\000c\000t\000i\000o\000n\000a\000l\000\040\000D\000i\000f\000f\000e\000r\000e\000n\000t\000i\000a\000l\000\040\000E\000q\000u\000a\000t\000i\000o\000n\000s\000\040\000\050\000F\000D\000E\000s\000\051}{}% 38
\BOOKMARK [2][-]{subsection.6.1}{\376\377\000I\000n\000i\000t\000i\000a\000l\000\040\000V\000a\000l\000u\000e\000\040\000P\000r\000o\000b\000l\000e\000m\000s\000\040\000F\000o\000r\000\040\000S\000i\000n\000g\000l\000e\000\040\000T\000e\000r\000m\000\040\000E\000q\000u\000a\000t\000i\000o\000n\000s}{section.6}% 39
\BOOKMARK [3][-]{subsubsection.6.1.1}{\376\377\000E\000x\000i\000s\000t\000e\000n\000c\000e\000\040\000A\000n\000d\000\040\000U\000n\000i\000q\000u\000e\000n\000e\000s\000s\000\040\000O\000f\000\040\000S\000o\000l\000u\000t\000i\000o\000n\000s}{subsection.6.1}% 40
\BOOKMARK [3][-]{subsubsection.6.1.2}{\376\377\000S\000t\000a\000b\000i\000l\000i\000t\000y}{subsection.6.1}% 41
\BOOKMARK [3][-]{subsubsection.6.1.3}{\376\377\000S\000e\000p\000a\000r\000a\000t\000i\000o\000n\000\040\000O\000f\000\040\000S\000o\000l\000u\000t\000i\000o\000n\000s}{subsection.6.1}% 42
\BOOKMARK [2][-]{subsection.6.2}{\376\377\000L\000i\000n\000e\000a\000r\000\040\000F\000r\000a\000c\000t\000i\000o\000n\000a\000l\000\040\000D\000i\000f\000f\000e\000r\000e\000n\000t\000i\000a\000l\000\040\000E\000q\000u\000a\000t\000i\000o\000n\000s\000\040\000\050\000L\000F\000D\000E\000\051}{section.6}% 43
\BOOKMARK [2][-]{subsection.6.3}{\376\377\000N\000o\000n\000l\000i\000n\000e\000a\000r\000\040\000E\000q\000u\000a\000t\000i\000o\000n\000s}{section.6}% 44
\BOOKMARK [3][-]{subsubsection.6.3.1}{\376\377\000T\000h\000e\000\040\000A\000d\000o\000m\000i\000a\000n\000\040\000D\000e\000c\000o\000m\000p\000o\000s\000i\000t\000i\000o\000n\000\040\000M\000e\000t\000h\000o\000d\000\040\000\050\000A\000D\000M\000\051}{subsection.6.3}% 45
\BOOKMARK [3][-]{subsubsection.6.3.2}{\376\377\000D\000e\000c\000o\000m\000p\000o\000s\000i\000t\000i\000o\000n\000\040\000O\000f\000\040\000N\000o\000n\000l\000i\000n\000e\000a\000r\000\040\000F\000D\000E}{subsection.6.3}% 46
\BOOKMARK [2][-]{subsection.6.4}{\376\377\000F\000r\000a\000c\000t\000i\000o\000n\000a\000l\000\040\000S\000y\000s\000t\000e\000m\000s\000\040\000o\000f\000\040\000D\000i\000f\000f\000e\000r\000e\000n\000t\000i\000a\000l\000\040\000E\000q\000u\000a\000t\000i\000o\000n\000s}{section.6}% 47
\BOOKMARK [1][-]{section.7}{\376\377\000A\000p\000p\000l\000i\000c\000a\000t\000i\000o\000n\000s\000\040\000O\000f\000\040\000F\000r\000a\000c\000t\000i\000o\000n\000a\000l\000\040\000C\000a\000l\000c\000u\000l\000u\000s}{}% 48
\BOOKMARK [2][-]{subsection.7.1}{\376\377\000A\000b\000e\000l\000'\000s\000\040\000F\000r\000a\000c\000t\000i\000o\000n\000a\000l\000\040\000I\000n\000t\000e\000g\000r\000a\000l\000\040\000E\000q\000u\000a\000t\000i\000o\000n\000\040\000O\000f\000\040\000T\000a\000u\000t\000o\000c\000h\000r\000o\000n\000e}{section.7}% 49
\BOOKMARK [2][-]{subsection.7.2}{\376\377\000V\000i\000s\000c\000o\000e\000l\000a\000s\000t\000i\000c\000i\000t\000y}{section.7}% 50
\BOOKMARK [2][-]{subsection.7.3}{\376\377\000F\000r\000a\000c\000t\000i\000o\000n\000a\000l\000\040\000D\000a\000m\000p\000e\000d\000\040\000M\000o\000t\000i\000o\000n}{section.7}% 51
\BOOKMARK [2][-]{subsection.7.4}{\376\377\000F\000r\000a\000c\000t\000i\000o\000n\000a\000l\000\040\000D\000i\000f\000f\000u\000s\000i\000o\000n\000\040\000E\000q\000u\000a\000t\000i\000o\000n\000s}{section.7}% 52
\BOOKMARK [2][-]{subsection.7.5}{\376\377\000F\000r\000a\000c\000t\000i\000o\000n\000a\000l\000\040\000O\000r\000d\000e\000r\000\040\000M\000u\000l\000t\000i\000p\000o\000l\000e\000s\000\040\000I\000n\000\040\000E\000l\000e\000c\000t\000r\000o\000m\000a\000g\000n\000e\000t\000i\000s\000m}{section.7}% 53
